[2021-07-29 02:51:36,445][datasets.arrow_dataset][WARNING] - Loading cached split indices for dataset at /Users/mozharovsky/Desktop/git-t5-tokenizer/data/cache-7985fdfc995a6b01.arrow and /Users/mozharovsky/Desktop/git-t5-tokenizer/data/cache-ae52d9675dbd448f.arrow
[2021-07-29 02:51:36,708][datasets.arrow_dataset][WARNING] - Loading cached processed dataset at /Users/mozharovsky/Desktop/git-t5-tokenizer/data/cache-6271f93b24d50155.arrow
[2021-07-29 02:51:36,736][datasets.arrow_dataset][WARNING] - Loading cached processed dataset at /Users/mozharovsky/Desktop/git-t5-tokenizer/data/cache-ecfdc7c977ee231b.arrow
[2021-07-29 02:51:36,757][datasets.arrow_dataset][WARNING] - Loading cached processed dataset at /Users/mozharovsky/Desktop/git-t5-tokenizer/data/cache-9f75279b9e7cdd60.arrow
[2021-07-29 02:51:36,790][datasets.arrow_dataset][WARNING] - Loading cached processed dataset at /Users/mozharovsky/Desktop/git-t5-tokenizer/data/cache-d194c189727a8179.arrow
[2021-07-29 02:51:36,820][datasets.arrow_dataset][WARNING] - Loading cached processed dataset at /Users/mozharovsky/Desktop/git-t5-tokenizer/data/cache-798a8b63372df5a5.arrow
[2021-07-29 02:51:36,831][datasets.arrow_dataset][WARNING] - Loading cached processed dataset at /Users/mozharovsky/Desktop/git-t5-tokenizer/data/cache-18214e0e13393b4c.arrow
[2021-07-29 02:51:36,854][datasets.arrow_dataset][WARNING] - Loading cached processed dataset at /Users/mozharovsky/Desktop/git-t5-tokenizer/data/cache-50b4d5638b2f1f41.arrow
[2021-07-29 02:51:36,881][datasets.arrow_dataset][WARNING] - Loading cached processed dataset at /Users/mozharovsky/Desktop/git-t5-tokenizer/data/cache-5ed208eecd6830df.arrow
[2021-07-29 02:51:37,175][datasets.arrow_dataset][WARNING] - Loading cached processed dataset at /Users/mozharovsky/Desktop/git-t5-tokenizer/data/cache-caf946f486555a78.arrow
[2021-07-29 02:51:37,204][datasets.arrow_dataset][WARNING] - Loading cached processed dataset at /Users/mozharovsky/Desktop/git-t5-tokenizer/data/cache-658a4f37ed15c16b.arrow
[2021-07-29 02:51:37,224][datasets.arrow_dataset][WARNING] - Loading cached processed dataset at /Users/mozharovsky/Desktop/git-t5-tokenizer/data/cache-65c905c436913b1c.arrow
[2021-07-29 02:51:37,260][datasets.arrow_dataset][WARNING] - Loading cached processed dataset at /Users/mozharovsky/Desktop/git-t5-tokenizer/data/cache-c3f25125abaa7b2a.arrow
[2021-07-29 02:51:37,282][datasets.arrow_dataset][WARNING] - Loading cached processed dataset at /Users/mozharovsky/Desktop/git-t5-tokenizer/data/cache-ccd631c74f6da0d3.arrow
[2021-07-29 02:51:37,306][datasets.arrow_dataset][WARNING] - Loading cached processed dataset at /Users/mozharovsky/Desktop/git-t5-tokenizer/data/cache-2d2d2fcfaa0859a8.arrow
[2021-07-29 02:51:37,329][datasets.arrow_dataset][WARNING] - Loading cached processed dataset at /Users/mozharovsky/Desktop/git-t5-tokenizer/data/cache-27899202291376e6.arrow
[2021-07-29 02:51:37,352][datasets.arrow_dataset][WARNING] - Loading cached processed dataset at /Users/mozharovsky/Desktop/git-t5-tokenizer/data/cache-d8416526cc0d94bd.arrow
[2021-07-29 02:51:37,532][datasets.arrow_dataset][WARNING] - Loading cached processed dataset at /Users/mozharovsky/Desktop/git-t5-tokenizer/data/cache-0ead69932d6d5dc6.arrow
[2021-07-29 02:51:37,537][datasets.arrow_dataset][WARNING] - Loading cached processed dataset at /Users/mozharovsky/Desktop/git-t5-tokenizer/data/cache-aff700d9c2809372.arrow
[2021-07-29 02:51:37,543][datasets.arrow_dataset][WARNING] - Loading cached processed dataset at /Users/mozharovsky/Desktop/git-t5-tokenizer/data/cache-ad92df293c1af70f.arrow
[2021-07-29 02:51:37,550][datasets.arrow_dataset][WARNING] - Loading cached processed dataset at /Users/mozharovsky/Desktop/git-t5-tokenizer/data/cache-6342787f068202f1.arrow
[2021-07-29 02:51:37,556][datasets.arrow_dataset][WARNING] - Loading cached processed dataset at /Users/mozharovsky/Desktop/git-t5-tokenizer/data/cache-90207f77532e9609.arrow
[2021-07-29 02:51:37,561][datasets.arrow_dataset][WARNING] - Loading cached processed dataset at /Users/mozharovsky/Desktop/git-t5-tokenizer/data/cache-3a8fc89b5f29d951.arrow
[2021-07-29 02:51:37,568][datasets.arrow_dataset][WARNING] - Loading cached processed dataset at /Users/mozharovsky/Desktop/git-t5-tokenizer/data/cache-a669a1d75238e1b7.arrow
[2021-07-29 02:51:37,574][datasets.arrow_dataset][WARNING] - Loading cached processed dataset at /Users/mozharovsky/Desktop/git-t5-tokenizer/data/cache-b750ac91a6c52b4e.arrow
[2021-07-29 02:51:37,666][datasets.arrow_dataset][WARNING] - Loading cached processed dataset at /Users/mozharovsky/Desktop/git-t5-tokenizer/data/cache-5391d196b5f280be.arrow
[2021-07-29 02:51:37,673][datasets.arrow_dataset][WARNING] - Loading cached processed dataset at /Users/mozharovsky/Desktop/git-t5-tokenizer/data/cache-0c3956978f2790d3.arrow
[2021-07-29 02:51:37,679][datasets.arrow_dataset][WARNING] - Loading cached processed dataset at /Users/mozharovsky/Desktop/git-t5-tokenizer/data/cache-09eefc4676c1bdb2.arrow
[2021-07-29 02:51:37,685][datasets.arrow_dataset][WARNING] - Loading cached processed dataset at /Users/mozharovsky/Desktop/git-t5-tokenizer/data/cache-c8ac509419dddf4a.arrow
[2021-07-29 02:51:37,691][datasets.arrow_dataset][WARNING] - Loading cached processed dataset at /Users/mozharovsky/Desktop/git-t5-tokenizer/data/cache-02e944badc9319c7.arrow
[2021-07-29 02:51:37,697][datasets.arrow_dataset][WARNING] - Loading cached processed dataset at /Users/mozharovsky/Desktop/git-t5-tokenizer/data/cache-af013dd74897ffbc.arrow
[2021-07-29 02:51:37,703][datasets.arrow_dataset][WARNING] - Loading cached processed dataset at /Users/mozharovsky/Desktop/git-t5-tokenizer/data/cache-72ef16bba4ecd3de.arrow
[2021-07-29 02:51:37,709][datasets.arrow_dataset][WARNING] - Loading cached processed dataset at /Users/mozharovsky/Desktop/git-t5-tokenizer/data/cache-506fc727d378711f.arrow
[2021-07-29 02:51:37,888][datasets.arrow_dataset][WARNING] - Loading cached processed dataset at /Users/mozharovsky/Desktop/git-t5-tokenizer/data/cache-163cccc33f0e5c13.arrow
[2021-07-29 02:51:37,894][datasets.arrow_dataset][WARNING] - Loading cached processed dataset at /Users/mozharovsky/Desktop/git-t5-tokenizer/data/cache-de8c6cbaa83ee70e.arrow
[2021-07-29 02:51:37,899][datasets.arrow_dataset][WARNING] - Loading cached processed dataset at /Users/mozharovsky/Desktop/git-t5-tokenizer/data/cache-bccf4a4b6b1660b8.arrow
[2021-07-29 02:51:37,905][datasets.arrow_dataset][WARNING] - Loading cached processed dataset at /Users/mozharovsky/Desktop/git-t5-tokenizer/data/cache-a60ff6d3098f84d4.arrow
[2021-07-29 02:51:37,911][datasets.arrow_dataset][WARNING] - Loading cached processed dataset at /Users/mozharovsky/Desktop/git-t5-tokenizer/data/cache-1788fdc7f4a68c00.arrow
[2021-07-29 02:51:37,917][datasets.arrow_dataset][WARNING] - Loading cached processed dataset at /Users/mozharovsky/Desktop/git-t5-tokenizer/data/cache-1a4cd78558eed538.arrow
[2021-07-29 02:51:37,922][datasets.arrow_dataset][WARNING] - Loading cached processed dataset at /Users/mozharovsky/Desktop/git-t5-tokenizer/data/cache-88722fe909ed7553.arrow
[2021-07-29 02:51:37,929][datasets.arrow_dataset][WARNING] - Loading cached processed dataset at /Users/mozharovsky/Desktop/git-t5-tokenizer/data/cache-2bba9935c2a5f9c0.arrow
[2021-07-29 02:51:38,016][datasets.arrow_dataset][WARNING] - Loading cached processed dataset at /Users/mozharovsky/Desktop/git-t5-tokenizer/data/cache-db53a3c06cfb66c4.arrow
[2021-07-29 02:51:38,022][datasets.arrow_dataset][WARNING] - Loading cached processed dataset at /Users/mozharovsky/Desktop/git-t5-tokenizer/data/cache-24193a8afaca84e2.arrow
[2021-07-29 02:51:38,028][datasets.arrow_dataset][WARNING] - Loading cached processed dataset at /Users/mozharovsky/Desktop/git-t5-tokenizer/data/cache-4f087510500a8e6d.arrow
[2021-07-29 02:51:38,034][datasets.arrow_dataset][WARNING] - Loading cached processed dataset at /Users/mozharovsky/Desktop/git-t5-tokenizer/data/cache-3db28c4177def6fd.arrow
[2021-07-29 02:51:38,040][datasets.arrow_dataset][WARNING] - Loading cached processed dataset at /Users/mozharovsky/Desktop/git-t5-tokenizer/data/cache-0d345927cee22313.arrow
[2021-07-29 02:51:38,046][datasets.arrow_dataset][WARNING] - Loading cached processed dataset at /Users/mozharovsky/Desktop/git-t5-tokenizer/data/cache-22438606ac6d45a6.arrow
[2021-07-29 02:51:38,053][datasets.arrow_dataset][WARNING] - Loading cached processed dataset at /Users/mozharovsky/Desktop/git-t5-tokenizer/data/cache-3f80429b6d4cb40d.arrow
[2021-07-29 02:51:38,058][datasets.arrow_dataset][WARNING] - Loading cached processed dataset at /Users/mozharovsky/Desktop/git-t5-tokenizer/data/cache-269100e19168b1a7.arrow
[2021-07-29 02:51:38,149][datasets.arrow_dataset][WARNING] - Loading cached processed dataset at /Users/mozharovsky/Desktop/git-t5-tokenizer/data/cache-c095b9a539691184.arrow
[2021-07-29 02:51:38,154][datasets.arrow_dataset][WARNING] - Loading cached processed dataset at /Users/mozharovsky/Desktop/git-t5-tokenizer/data/cache-26b6bdd3c1db5798.arrow
[2021-07-29 02:51:38,161][datasets.arrow_dataset][WARNING] - Loading cached processed dataset at /Users/mozharovsky/Desktop/git-t5-tokenizer/data/cache-39bd886f27560126.arrow
[2021-07-29 02:51:38,166][datasets.arrow_dataset][WARNING] - Loading cached processed dataset at /Users/mozharovsky/Desktop/git-t5-tokenizer/data/cache-8471b31af6902f9d.arrow
[2021-07-29 02:51:38,172][datasets.arrow_dataset][WARNING] - Loading cached processed dataset at /Users/mozharovsky/Desktop/git-t5-tokenizer/data/cache-f72e254017d41c97.arrow
[2021-07-29 02:51:38,179][datasets.arrow_dataset][WARNING] - Loading cached processed dataset at /Users/mozharovsky/Desktop/git-t5-tokenizer/data/cache-5fb1d728aaca8d7d.arrow
[2021-07-29 02:51:38,185][datasets.arrow_dataset][WARNING] - Loading cached processed dataset at /Users/mozharovsky/Desktop/git-t5-tokenizer/data/cache-27f522215f859baa.arrow
[2021-07-29 02:51:38,190][datasets.arrow_dataset][WARNING] - Loading cached processed dataset at /Users/mozharovsky/Desktop/git-t5-tokenizer/data/cache-2bf3558b90ca76c5.arrow
[2021-07-29 02:51:38,376][datasets.arrow_dataset][WARNING] - Loading cached processed dataset at /Users/mozharovsky/Desktop/git-t5-tokenizer/data/cache-1fd2d039cc1fe091.arrow
[2021-07-29 02:51:38,383][datasets.arrow_dataset][WARNING] - Loading cached processed dataset at /Users/mozharovsky/Desktop/git-t5-tokenizer/data/cache-41df78944f0e0852.arrow
[2021-07-29 02:51:38,388][datasets.arrow_dataset][WARNING] - Loading cached processed dataset at /Users/mozharovsky/Desktop/git-t5-tokenizer/data/cache-a649dc089e05a2ed.arrow
[2021-07-29 02:51:38,394][datasets.arrow_dataset][WARNING] - Loading cached processed dataset at /Users/mozharovsky/Desktop/git-t5-tokenizer/data/cache-dfc75e5ae0f2ba22.arrow
[2021-07-29 02:51:38,401][datasets.arrow_dataset][WARNING] - Loading cached processed dataset at /Users/mozharovsky/Desktop/git-t5-tokenizer/data/cache-1293fb7b2a75706e.arrow
[2021-07-29 02:51:38,408][datasets.arrow_dataset][WARNING] - Loading cached processed dataset at /Users/mozharovsky/Desktop/git-t5-tokenizer/data/cache-ed33f12e2d1f40c2.arrow
[2021-07-29 02:51:38,415][datasets.arrow_dataset][WARNING] - Loading cached processed dataset at /Users/mozharovsky/Desktop/git-t5-tokenizer/data/cache-6098a666074302aa.arrow
[2021-07-29 02:51:38,422][datasets.arrow_dataset][WARNING] - Loading cached processed dataset at /Users/mozharovsky/Desktop/git-t5-tokenizer/data/cache-d51566120ac46b3a.arrow
[2021-07-29 02:51:38,538][datasets.arrow_dataset][WARNING] - Loading cached shuffled indices for dataset at /Users/mozharovsky/Desktop/git-t5-tokenizer/data/cache-157a374343fbadba.arrow
[2021-07-29 02:51:38,547][absl][INFO] - Starting the local TPU driver.
[2021-07-29 02:51:38,548][absl][INFO] - Unable to initialize backend 'tpu_driver': Not found: Unable to find driver in registry given worker: local://
[2021-07-29 02:51:38,549][absl][INFO] - Unable to initialize backend 'gpu': Not found: Could not find registered platform with name: "cuda". Available platform names are: Interpreter Host
[2021-07-29 02:51:38,549][absl][INFO] - Unable to initialize backend 'tpu': Invalid argument: TpuPlatform is not available.
[2021-07-29 02:51:38,549][absl][WARNING] - No GPU/TPU found, falling back to CPU. (Set TF_CPP_MIN_LOG_LEVEL=0 and rerun for more info.)
